{
  "stats": {
    "suites": 1,
    "tests": 1,
    "passes": 0,
    "pending": 0,
    "failures": 1,
    "start": "2023-08-27T13:45:23.618Z",
    "end": "2023-08-27T13:46:05.558Z",
    "duration": 41940,
    "testsRegistered": 1,
    "passPercent": 0,
    "pendingPercent": 0,
    "other": 0,
    "hasOther": false,
    "skipped": 0,
    "hasSkipped": false
  },
  "results": [
    {
      "uuid": "7b76d60f-edc5-4aa2-abad-622e8dc62523",
      "title": "",
      "fullFile": "cypress/e2e/XPathLocators.cy.js",
      "file": "cypress/e2e/XPathLocators.cy.js",
      "beforeHooks": [],
      "afterHooks": [],
      "tests": [],
      "suites": [
        {
          "uuid": "2587ae96-0f9d-4d6d-9611-e0896f3cde9e",
          "title": "XPathLocators",
          "fullFile": "",
          "file": "",
          "beforeHooks": [],
          "afterHooks": [],
          "tests": [
            {
              "title": "products",
              "fullTitle": "XPathLocators products",
              "timedOut": null,
              "duration": 34808,
              "state": "failed",
              "speed": null,
              "pass": false,
              "fail": true,
              "pending": false,
              "context": null,
              "code": "cy.visit(\"https://amazon.com/\");\ncy.get(\"#twotabsearchtextbox\").type(\"teapot\"); // get is by default \"css\"\ncy.get(\"#nav-search-submit-button\").click();\ncy.xpath(\"//div[contains(@data-cel-widget,'search_result')]\").should('have.length', 67);\n// take a look at chainedxpath",
              "err": {
                "message": "AssertionError: Timed out retrying after 4000ms: Too many elements found. Found '73', expected '67'.",
                "estack": "AssertionError: Timed out retrying after 4000ms: Too many elements found. Found '73', expected '67'.\n    at Context.eval (webpack://cypressautomation/./cypress/e2e/XPathLocators.cy.js:13:70)",
                "diff": "- 73\n+ 67\n"
              },
              "uuid": "e5fa2950-3b63-4595-b637-8b7714b7df34",
              "parentUUID": "2587ae96-0f9d-4d6d-9611-e0896f3cde9e",
              "isHook": false,
              "skipped": false
            }
          ],
          "suites": [],
          "passes": [],
          "failures": [
            "e5fa2950-3b63-4595-b637-8b7714b7df34"
          ],
          "pending": [],
          "skipped": [],
          "duration": 34808,
          "root": false,
          "rootEmpty": false,
          "_timeout": 2000
        }
      ],
      "passes": [],
      "failures": [],
      "pending": [],
      "skipped": [],
      "duration": 0,
      "root": true,
      "rootEmpty": true,
      "_timeout": 2000
    }
  ],
  "meta": {
    "mocha": {
      "version": "7.0.1"
    },
    "mochawesome": {
      "options": {
        "quiet": false,
        "reportFilename": "mochawesome",
        "saveHtml": true,
        "saveJson": true,
        "consoleReporter": "spec",
        "useInlineDiffs": false,
        "code": true
      },
      "version": "7.1.3"
    },
    "marge": {
      "options": {
        "reportDir": "cypress/results",
        "overwrite": false,
        "html": true,
        "json": true
      },
      "version": "6.2.0"
    }
  }
}