{
  "stats": {
    "suites": 1,
    "tests": 1,
    "passes": 1,
    "pending": 0,
    "failures": 0,
    "start": "2023-09-01T19:18:56.386Z",
    "end": "2023-09-01T19:19:28.901Z",
    "duration": 32515,
    "testsRegistered": 1,
    "passPercent": 100,
    "pendingPercent": 0,
    "other": 0,
    "hasOther": false,
    "skipped": 0,
    "hasSkipped": false
  },
  "results": [
    {
      "uuid": "83219252-5172-4b59-a979-14c051f1b449",
      "title": "",
      "fullFile": "cypress/e2e/Fixtures.cy.js",
      "file": "cypress/e2e/Fixtures.cy.js",
      "beforeHooks": [],
      "afterHooks": [],
      "tests": [],
      "suites": [
        {
          "uuid": "2206a3ac-d10a-42fe-bdc5-c6db7deb7eac",
          "title": "MyTestSuite",
          "fullFile": "",
          "file": "",
          "beforeHooks": [],
          "afterHooks": [],
          "tests": [
            {
              "title": "FixtureDemoTest",
              "fullTitle": "MyTestSuite FixtureDemoTest",
              "timedOut": null,
              "duration": 26604,
              "state": "passed",
              "speed": "slow",
              "pass": true,
              "fail": false,
              "pending": false,
              "context": null,
              "code": "cy.visit(\"https://opensource-demo.orangehrmlive.com/web/index.php/auth/login\");\ncy.get(\"input[placeholder='Username']\").type(userdata.username);\ncy.get(\"input[placeholder='Password']\").type(userdata.password);\ncy.get(\"button[type='submit']\").click();\ncy.xpath(\"//span[normalize-space()='PIM']\").should('have.text', userdata.expected);",
              "err": {},
              "uuid": "a7ac0ccc-2592-4030-aa69-baa0320f62ea",
              "parentUUID": "2206a3ac-d10a-42fe-bdc5-c6db7deb7eac",
              "isHook": false,
              "skipped": false
            }
          ],
          "suites": [],
          "passes": [
            "a7ac0ccc-2592-4030-aa69-baa0320f62ea"
          ],
          "failures": [],
          "pending": [],
          "skipped": [],
          "duration": 26604,
          "root": false,
          "rootEmpty": false,
          "_timeout": 2000
        }
      ],
      "passes": [],
      "failures": [],
      "pending": [],
      "skipped": [],
      "duration": 0,
      "root": true,
      "rootEmpty": true,
      "_timeout": 2000
    }
  ],
  "meta": {
    "mocha": {
      "version": "7.0.1"
    },
    "mochawesome": {
      "options": {
        "quiet": false,
        "reportFilename": "mochawesome",
        "saveHtml": true,
        "saveJson": true,
        "consoleReporter": "spec",
        "useInlineDiffs": false,
        "code": true
      },
      "version": "7.1.3"
    },
    "marge": {
      "options": {
        "reportDir": "cypress/results",
        "overwrite": true,
        "html": true,
        "json": true
      },
      "version": "6.2.0"
    }
  }
}