{
  "stats": {
    "suites": 1,
    "tests": 1,
    "passes": 1,
    "pending": 0,
    "failures": 0,
    "start": "2023-08-27T13:44:15.360Z",
    "end": "2023-08-27T13:44:25.264Z",
    "duration": 9904,
    "testsRegistered": 1,
    "passPercent": 100,
    "pendingPercent": 0,
    "other": 0,
    "hasOther": false,
    "skipped": 0,
    "hasSkipped": false
  },
  "results": [
    {
      "uuid": "534362b4-7f35-4200-93a3-94eb1fcba26d",
      "title": "",
      "fullFile": "cypress/e2e/RadioButtons-CheckBoxes.cy.js",
      "file": "cypress/e2e/RadioButtons-CheckBoxes.cy.js",
      "beforeHooks": [],
      "afterHooks": [],
      "tests": [],
      "suites": [
        {
          "uuid": "9f443e00-687d-4665-aa4e-0600a1d32a2f",
          "title": "Check UI Elements",
          "fullFile": "",
          "file": "",
          "beforeHooks": [],
          "afterHooks": [],
          "tests": [
            {
              "title": "Checking Check Boxes",
              "fullTitle": "Check UI Elements Checking Check Boxes",
              "timedOut": null,
              "duration": 4823,
              "state": "passed",
              "speed": "fast",
              "pass": true,
              "fail": false,
              "pending": false,
              "context": null,
              "code": "cy.visit(\"http://webdriveruniversity.com/Dropdown-Checkboxes-RadioButtons/index.html\");\n// Selecting al the checkboxes\ncy.get(\"#checkboxes\").should('be.visible');\n// cy.get(\"#checkboxes\").check().should('be.checked')\n// cy.get(\"#checkboxes\").first().uncheck().should('not.be.checked')\n// cy.get(\"#checkboxes\").last().uncheck().should('not.be.checked')\ncy.get(\"input[value='option-1']\").check().should('be.checked');\ncy.get(\"input[value='option-2']\").check().should('be.checked');\ncy.get(\"input[value='option-3']\").uncheck().should('not.be.checked');\n// Select the radio button\ncy.get(\"input[value='green']\").check().should('be.checked');\ncy.get(\"input[value='blue']\").check().should('be.checked');\ncy.get(\"input[value='yellow']\").check().should('be.checked');\ncy.get(\"input[value='orange']\").check().should('be.checked');\ncy.get(\"input[value='purple']\").check().should('be.checked');",
              "err": {},
              "uuid": "e7a12eb2-d011-44f4-98de-f17ed0852a3a",
              "parentUUID": "9f443e00-687d-4665-aa4e-0600a1d32a2f",
              "isHook": false,
              "skipped": false
            }
          ],
          "suites": [],
          "passes": [
            "e7a12eb2-d011-44f4-98de-f17ed0852a3a"
          ],
          "failures": [],
          "pending": [],
          "skipped": [],
          "duration": 4823,
          "root": false,
          "rootEmpty": false,
          "_timeout": 2000
        }
      ],
      "passes": [],
      "failures": [],
      "pending": [],
      "skipped": [],
      "duration": 0,
      "root": true,
      "rootEmpty": true,
      "_timeout": 2000
    }
  ],
  "meta": {
    "mocha": {
      "version": "7.0.1"
    },
    "mochawesome": {
      "options": {
        "quiet": false,
        "reportFilename": "mochawesome",
        "saveHtml": true,
        "saveJson": true,
        "consoleReporter": "spec",
        "useInlineDiffs": false,
        "code": true
      },
      "version": "7.1.3"
    },
    "marge": {
      "options": {
        "reportDir": "cypress/results",
        "overwrite": false,
        "html": true,
        "json": true
      },
      "version": "6.2.0"
    }
  }
}