{
  "stats": {
    "suites": 1,
    "tests": 2,
    "passes": 1,
    "pending": 0,
    "failures": 1,
    "start": "2023-08-27T13:43:30.339Z",
    "end": "2023-08-27T13:43:55.670Z",
    "duration": 25331,
    "testsRegistered": 2,
    "passPercent": 50,
    "pendingPercent": 0,
    "other": 0,
    "hasOther": false,
    "skipped": 0,
    "hasSkipped": false
  },
  "results": [
    {
      "uuid": "b9d41d40-2e26-4bc0-9a53-2d204174dca7",
      "title": "",
      "fullFile": "cypress/e2e/MyFirstTest.cy.js",
      "file": "cypress/e2e/MyFirstTest.cy.js",
      "beforeHooks": [],
      "afterHooks": [],
      "tests": [],
      "suites": [
        {
          "uuid": "c44bb591-3d00-4f45-a974-bb2cf8b9fb73",
          "title": "my first test",
          "fullFile": "",
          "file": "",
          "beforeHooks": [],
          "afterHooks": [],
          "tests": [
            {
              "title": "verify title-Positive test",
              "fullTitle": "my first test verify title-Positive test",
              "timedOut": null,
              "duration": 11109,
              "state": "passed",
              "speed": "slow",
              "pass": true,
              "fail": false,
              "pending": false,
              "context": null,
              "code": "cy.visit(\"https://opensource-demo.orangehrmlive.com/\");\ncy.title().should('eq', 'OrangeHRM');",
              "err": {},
              "uuid": "65e436da-8233-4391-ac4e-cf264046ee54",
              "parentUUID": "c44bb591-3d00-4f45-a974-bb2cf8b9fb73",
              "isHook": false,
              "skipped": false
            },
            {
              "title": "verify title-Negative test",
              "fullTitle": "my first test verify title-Negative test",
              "timedOut": null,
              "duration": 7570,
              "state": "failed",
              "speed": null,
              "pass": false,
              "fail": true,
              "pending": false,
              "context": null,
              "code": "cy.visit(\"https://opensource-demo.orangehrmlive.com/\");\ncy.title().should('eq', 'OrangeHRM123');",
              "err": {
                "message": "AssertionError: Timed out retrying after 4000ms: expected 'OrangeHRM' to equal 'OrangeHRM123'",
                "estack": "AssertionError: Timed out retrying after 4000ms: expected 'OrangeHRM' to equal 'OrangeHRM123'\n    at Context.eval (webpack://cypressautomation/./cypress/e2e/MyFirstTest.cy.js:16:19)",
                "diff": "- 'OrangeHRM'\n+ 'OrangeHRM123'\n"
              },
              "uuid": "9e564eea-3201-498c-9e92-402e0cf770ba",
              "parentUUID": "c44bb591-3d00-4f45-a974-bb2cf8b9fb73",
              "isHook": false,
              "skipped": false
            }
          ],
          "suites": [],
          "passes": [
            "65e436da-8233-4391-ac4e-cf264046ee54"
          ],
          "failures": [
            "9e564eea-3201-498c-9e92-402e0cf770ba"
          ],
          "pending": [],
          "skipped": [],
          "duration": 18679,
          "root": false,
          "rootEmpty": false,
          "_timeout": 2000
        }
      ],
      "passes": [],
      "failures": [],
      "pending": [],
      "skipped": [],
      "duration": 0,
      "root": true,
      "rootEmpty": true,
      "_timeout": 2000
    }
  ],
  "meta": {
    "mocha": {
      "version": "7.0.1"
    },
    "mochawesome": {
      "options": {
        "quiet": false,
        "reportFilename": "mochawesome",
        "saveHtml": true,
        "saveJson": true,
        "consoleReporter": "spec",
        "useInlineDiffs": false,
        "code": true
      },
      "version": "7.1.3"
    },
    "marge": {
      "options": {
        "reportDir": "cypress/results",
        "overwrite": false,
        "html": true,
        "json": true
      },
      "version": "6.2.0"
    }
  }
}