{
  "stats": {
    "suites": 1,
    "tests": 1,
    "passes": 1,
    "pending": 0,
    "failures": 0,
    "start": "2023-08-27T13:40:05.851Z",
    "end": "2023-08-27T13:40:50.513Z",
    "duration": 44662,
    "testsRegistered": 1,
    "passPercent": 100,
    "pendingPercent": 0,
    "other": 0,
    "hasOther": false,
    "skipped": 0,
    "hasSkipped": false
  },
  "results": [
    {
      "uuid": "158c32d9-fb9e-476f-820a-8114df5b0f03",
      "title": "",
      "fullFile": "cypress/e2e/CSSLocaors.cy.js",
      "file": "cypress/e2e/CSSLocaors.cy.js",
      "beforeHooks": [],
      "afterHooks": [],
      "tests": [],
      "suites": [
        {
          "uuid": "407096c5-42b6-4950-a826-8bdf102d4940",
          "title": "CSSLocators",
          "fullFile": "",
          "file": "",
          "beforeHooks": [],
          "afterHooks": [],
          "tests": [
            {
              "title": "csslocators",
              "fullTitle": "CSSLocators csslocators",
              "timedOut": null,
              "duration": 36755,
              "state": "passed",
              "speed": "slow",
              "pass": true,
              "fail": false,
              "pending": false,
              "context": null,
              "code": "// tag#id --- tag is optional\n// tag.class --- tag is optional\n// tag[attribute = 'value'] --- tag is optional\n// tag.classname[attribute = 'value'] --- tag is optional\n// to use the xpath we need to install \"cypress-xpath\" plugin\ncy.visit(\"https://amazon.com/\");\ncy.get(\"#twotabsearchtextbox\").type(\"teapot\"); // by id --- tag is optional\ncy.get(\"#nav-search-submit-button\").click();\ncy.get(\".a-color-state.a-text-bold\").contains(\"teapot\"); //Assertion",
              "err": {},
              "uuid": "9d0d46ce-6faa-47d3-9db0-9bc33a4e45b0",
              "parentUUID": "407096c5-42b6-4950-a826-8bdf102d4940",
              "isHook": false,
              "skipped": false
            }
          ],
          "suites": [],
          "passes": [
            "9d0d46ce-6faa-47d3-9db0-9bc33a4e45b0"
          ],
          "failures": [],
          "pending": [],
          "skipped": [],
          "duration": 36755,
          "root": false,
          "rootEmpty": false,
          "_timeout": 2000
        }
      ],
      "passes": [],
      "failures": [],
      "pending": [],
      "skipped": [],
      "duration": 0,
      "root": true,
      "rootEmpty": true,
      "_timeout": 2000
    }
  ],
  "meta": {
    "mocha": {
      "version": "7.0.1"
    },
    "mochawesome": {
      "options": {
        "quiet": false,
        "reportFilename": "mochawesome",
        "saveHtml": true,
        "saveJson": true,
        "consoleReporter": "spec",
        "useInlineDiffs": false,
        "code": true
      },
      "version": "7.1.3"
    },
    "marge": {
      "options": {
        "reportDir": "cypress/results",
        "overwrite": false,
        "html": true,
        "json": true
      },
      "version": "6.2.0"
    }
  }
}