{
  "stats": {
    "suites": 1,
    "tests": 2,
    "passes": 1,
    "pending": 0,
    "failures": 1,
    "start": "2023-08-27T13:39:10.749Z",
    "end": "2023-08-27T13:39:34.751Z",
    "duration": 24002,
    "testsRegistered": 2,
    "passPercent": 50,
    "pendingPercent": 0,
    "other": 0,
    "hasOther": false,
    "skipped": 0,
    "hasSkipped": false
  },
  "results": [
    {
      "uuid": "786c7737-a10e-434d-8eea-4a7355158b37",
      "title": "",
      "fullFile": "cypress/e2e/Assertions.cy.js",
      "file": "cypress/e2e/Assertions.cy.js",
      "beforeHooks": [],
      "afterHooks": [],
      "tests": [],
      "suites": [
        {
          "uuid": "d0d40257-b2f8-471e-96c1-fc1c3ccde5ba",
          "title": "Assertions",
          "fullFile": "",
          "file": "",
          "beforeHooks": [],
          "afterHooks": [],
          "tests": [
            {
              "title": "Imlicit assertions",
              "fullTitle": "Assertions Imlicit assertions",
              "timedOut": null,
              "duration": 8594,
              "state": "passed",
              "speed": "medium",
              "pass": true,
              "fail": false,
              "pending": false,
              "context": null,
              "code": "cy.visit(\"https://opensource-demo.orangehrmlive.com/web/index.php/auth/login\");\n// should and\ncy.url().should('include', 'orangehrmlive.com');\ncy.url().should('eq', 'https://opensource-demo.orangehrmlive.com/web/index.php/auth/login').should('eq', 'https://opensource-demo.orangehrmlive.com/web/index.php/auth/login') // after capturind once the url no need to use again and again\n.should('contain', 'orangehrm');\n// in stead of should \"and\" can be used.\ncy.url().should('include', 'orangehrmlive.com') // after capturind once the url no need to use again and again\n.and('contain', 'orangehrm').and('eq', 'https://opensource-demo.orangehrmlive.com/web/index.php/auth/login');\n// Negative Assertions\ncy.url().should('include', 'orangehrmlive.com') // after capturind once the url no need to use again and again\n.and('contain', 'orangehrm').and('not.contain', 'greenhrm') // Negative Assertions    \n.and('eq', 'https://opensource-demo.orangehrmlive.com/web/index.php/auth/login');\ncy.title().should('include', 'Orange').and('eq', 'OrangeHRM').and('contain', 'HRM');\ncy.get('.orangehrm-login-branding > img').should('be.visible').and('exist');\ncy.xpath(\"//a\").should('have.length', 5); // check the number of links\ncy.xpath(\"//input[@placeholder='Username']\").type(\"Admin\"); // provide a value into input box\ncy.xpath(\"//input[@placeholder='Username']\").should(\"have.value\", \"Admin\");",
              "err": {},
              "uuid": "6d97189a-0b7e-4ebb-9790-376397bb0f96",
              "parentUUID": "d0d40257-b2f8-471e-96c1-fc1c3ccde5ba",
              "isHook": false,
              "skipped": false
            },
            {
              "title": "Explicit assertions",
              "fullTitle": "Assertions Explicit assertions",
              "timedOut": null,
              "duration": 8461,
              "state": "failed",
              "speed": null,
              "pass": false,
              "fail": true,
              "pending": false,
              "context": null,
              "code": "cy.visit(\"https://opensource-demo.orangehrmlive.com/web/index.php/auth/login\");\ncy.get(\"input[placeholder='Username']\").type(\"Admin\");\ncy.get(\"input[placeholder='Password']\").type(\"admin123\");\ncy.get(\"button[type='submit']\").click();\nlet expName = \"Paul goud Collings\";\ncy.get(\".oxd-userdropdown-name\").then(x => {\n  let actNme = x.text();\n  // BDD Style----------------------------> take a look at cypress doc.\n  expect(actNme).to.equal(expName);\n  expect(actNme).to.not.equal(expName);\n  // TDD Style----------------------------> take a look at cypress doc.\n  assert.equal(actNme, expName);\n  assert.notEqual(actNme, expName);\n});",
              "err": {
                "message": "AssertionError: expected ' Robot  Framework' to equal 'Paul goud Collings'",
                "estack": "AssertionError: expected ' Robot  Framework' to equal 'Paul goud Collings'\n    at Context.eval (webpack://cypressautomation/./cypress/e2e/Assertions.cy.js:83:30)",
                "diff": "- ' Robot  Framework'\n+ 'Paul goud Collings'\n"
              },
              "uuid": "5a92b8ab-6409-459f-91cb-18afa9b3c7fe",
              "parentUUID": "d0d40257-b2f8-471e-96c1-fc1c3ccde5ba",
              "isHook": false,
              "skipped": false
            }
          ],
          "suites": [],
          "passes": [
            "6d97189a-0b7e-4ebb-9790-376397bb0f96"
          ],
          "failures": [
            "5a92b8ab-6409-459f-91cb-18afa9b3c7fe"
          ],
          "pending": [],
          "skipped": [],
          "duration": 17055,
          "root": false,
          "rootEmpty": false,
          "_timeout": 2000
        }
      ],
      "passes": [],
      "failures": [],
      "pending": [],
      "skipped": [],
      "duration": 0,
      "root": true,
      "rootEmpty": true,
      "_timeout": 2000
    }
  ],
  "meta": {
    "mocha": {
      "version": "7.0.1"
    },
    "mochawesome": {
      "options": {
        "quiet": false,
        "reportFilename": "mochawesome",
        "saveHtml": true,
        "saveJson": true,
        "consoleReporter": "spec",
        "useInlineDiffs": false,
        "code": true
      },
      "version": "7.1.3"
    },
    "marge": {
      "options": {
        "reportDir": "cypress/results",
        "overwrite": false,
        "html": true,
        "json": true
      },
      "version": "6.2.0"
    }
  }
}