{
  "stats": {
    "suites": 1,
    "tests": 2,
    "passes": 2,
    "pending": 0,
    "failures": 0,
    "start": "2023-08-27T13:44:38.409Z",
    "end": "2023-08-27T13:45:05.458Z",
    "duration": 27049,
    "testsRegistered": 2,
    "passPercent": 100,
    "pendingPercent": 0,
    "other": 0,
    "hasOther": false,
    "skipped": 0,
    "hasSkipped": false
  },
  "results": [
    {
      "uuid": "9887e42b-4a6b-4b96-8e62-ad33dad6afc3",
      "title": "",
      "fullFile": "cypress/e2e/Tabs.cy.js",
      "file": "cypress/e2e/Tabs.cy.js",
      "beforeHooks": [],
      "afterHooks": [],
      "tests": [],
      "suites": [
        {
          "uuid": "1d59cb55-66a1-4b66-ac8c-0cb1ce147487",
          "title": "Handle tab",
          "fullFile": "",
          "file": "",
          "beforeHooks": [],
          "afterHooks": [],
          "tests": [
            {
              "title": "Approach01",
              "fullTitle": "Handle tab Approach01",
              "timedOut": null,
              "duration": 13178,
              "state": "passed",
              "speed": "slow",
              "pass": true,
              "fail": false,
              "pending": false,
              "context": null,
              "code": "cy.visit(\"https://the-internet.herokuapp.com/windows\"); // parent tabs\ncy.get(\".example>a\").invoke('removeAttr', 'target').click(); // removing the \"target\" attribute, after removing the \"target\" attribute new tab will not open instead new page will load in the same page\ncy.url().should('include', 'https://the-internet.herokuapp.com/windows/new');\ncy.wait(5000);\n//operationss\ncy.go('back'); // go back to parent tab",
              "err": {},
              "uuid": "8171b82b-ef1e-43f9-8808-2225149b4aa9",
              "parentUUID": "1d59cb55-66a1-4b66-ac8c-0cb1ce147487",
              "isHook": false,
              "skipped": false
            },
            {
              "title": "Approach02",
              "fullTitle": "Handle tab Approach02",
              "timedOut": null,
              "duration": 8059,
              "state": "passed",
              "speed": "medium",
              "pass": true,
              "fail": false,
              "pending": false,
              "context": null,
              "code": "cy.visit(\"https://the-internet.herokuapp.com/windows\"); // parent tabs\ncy.get(\".example>a\").then(e => {\n  let url = e.prop('href');\n  cy.visit(url); // to work main doains(https://the-internet.herokuapp.com) should be matched !!! otherwise it wil not work.\n});\ncy.url().should('include', 'https://the-internet.herokuapp.com/windows/new');\ncy.wait(5000);\n//operationss\ncy.go('back'); // go back to parent tab",
              "err": {},
              "uuid": "240b7036-22d2-42a3-abc1-377fc21d1c64",
              "parentUUID": "1d59cb55-66a1-4b66-ac8c-0cb1ce147487",
              "isHook": false,
              "skipped": false
            }
          ],
          "suites": [],
          "passes": [
            "8171b82b-ef1e-43f9-8808-2225149b4aa9",
            "240b7036-22d2-42a3-abc1-377fc21d1c64"
          ],
          "failures": [],
          "pending": [],
          "skipped": [],
          "duration": 21237,
          "root": false,
          "rootEmpty": false,
          "_timeout": 2000
        }
      ],
      "passes": [],
      "failures": [],
      "pending": [],
      "skipped": [],
      "duration": 0,
      "root": true,
      "rootEmpty": true,
      "_timeout": 2000
    }
  ],
  "meta": {
    "mocha": {
      "version": "7.0.1"
    },
    "mochawesome": {
      "options": {
        "quiet": false,
        "reportFilename": "mochawesome",
        "saveHtml": true,
        "saveJson": true,
        "consoleReporter": "spec",
        "useInlineDiffs": false,
        "code": true
      },
      "version": "7.1.3"
    },
    "marge": {
      "options": {
        "reportDir": "cypress/results",
        "overwrite": false,
        "html": true,
        "json": true
      },
      "version": "6.2.0"
    }
  }
}