{
  "stats": {
    "suites": 1,
    "tests": 1,
    "passes": 1,
    "pending": 0,
    "failures": 0,
    "start": "2023-08-27T13:42:53.020Z",
    "end": "2023-08-27T13:43:10.809Z",
    "duration": 17789,
    "testsRegistered": 1,
    "passPercent": 100,
    "pendingPercent": 0,
    "other": 0,
    "hasOther": false,
    "skipped": 0,
    "hasSkipped": false
  },
  "results": [
    {
      "uuid": "9847eb78-af39-42c6-ab14-7270e2bdd22c",
      "title": "",
      "fullFile": "cypress/e2e/Frames.cy.js",
      "file": "cypress/e2e/Frames.cy.js",
      "beforeHooks": [],
      "afterHooks": [],
      "tests": [],
      "suites": [
        {
          "uuid": "42504919-34f2-448e-883c-ad00c46b1351",
          "title": "handling frames",
          "fullFile": "",
          "file": "",
          "beforeHooks": [],
          "afterHooks": [],
          "tests": [
            {
              "title": "Approach03--by using cypress-iframe plugin",
              "fullTitle": "handling frames Approach03--by using cypress-iframe plugin",
              "timedOut": null,
              "duration": 12022,
              "state": "passed",
              "speed": "slow",
              "pass": true,
              "fail": false,
              "pending": false,
              "context": null,
              "code": "// https://www.npmjs.com/package/cypress-iframe\n// npm install -D cypress-iframe\ncy.visit(\"https://the-internet.herokuapp.com/iframe\");\ncy.frameLoaded(\"#mce_0_ifr\"); // load the frame\ncy.iframe(\"#mce_0_ifr\").clear().type(\"welcome {ctrl+a}\");\ncy.get(\"button[title='Bold']\").click();\ncy.get(\"div[class='example'] h3\").should('have.contain', 'An iFrame containing'); // no need to switch to defaultpage or parentpage lıke java.",
              "err": {},
              "uuid": "15be86ba-42ee-4e2b-b51b-637b1b8b431e",
              "parentUUID": "42504919-34f2-448e-883c-ad00c46b1351",
              "isHook": false,
              "skipped": false
            }
          ],
          "suites": [],
          "passes": [
            "15be86ba-42ee-4e2b-b51b-637b1b8b431e"
          ],
          "failures": [],
          "pending": [],
          "skipped": [],
          "duration": 12022,
          "root": false,
          "rootEmpty": false,
          "_timeout": 2000
        }
      ],
      "passes": [],
      "failures": [],
      "pending": [],
      "skipped": [],
      "duration": 0,
      "root": true,
      "rootEmpty": true,
      "_timeout": 2000
    }
  ],
  "meta": {
    "mocha": {
      "version": "7.0.1"
    },
    "mochawesome": {
      "options": {
        "quiet": false,
        "reportFilename": "mochawesome",
        "saveHtml": true,
        "saveJson": true,
        "consoleReporter": "spec",
        "useInlineDiffs": false,
        "code": true
      },
      "version": "7.1.3"
    },
    "marge": {
      "options": {
        "reportDir": "cypress/results",
        "overwrite": false,
        "html": true,
        "json": true
      },
      "version": "6.2.0"
    }
  }
}