{
  "stats": {
    "suites": 1,
    "tests": 1,
    "passes": 1,
    "pending": 3,
    "failures": -3,
    "start": "2023-08-27T13:41:31.046Z",
    "end": "2023-08-27T13:42:18.566Z",
    "duration": 47520,
    "testsRegistered": 4,
    "passPercent": 100,
    "pendingPercent": 75,
    "other": 3,
    "hasOther": true,
    "skipped": 0,
    "hasSkipped": false
  },
  "results": [
    {
      "uuid": "f558bc37-330e-4b15-8ac9-b184dfc968ad",
      "title": "",
      "fullFile": "cypress/e2e/DropDowns.cy.js",
      "file": "cypress/e2e/DropDowns.cy.js",
      "beforeHooks": [],
      "afterHooks": [],
      "tests": [],
      "suites": [
        {
          "uuid": "8a6f7a29-f038-4c49-96a0-45c8a0cab545",
          "title": "handle dropdowns",
          "fullFile": "",
          "file": "",
          "beforeHooks": [],
          "afterHooks": [],
          "tests": [
            {
              "title": "Dropdown with select",
              "fullTitle": "handle dropdowns Dropdown with select",
              "timedOut": null,
              "duration": 0,
              "state": "pending",
              "speed": null,
              "pass": false,
              "fail": false,
              "pending": true,
              "context": null,
              "code": "// \"skip\" keyword provides that skip the this it block \ncy.visit(\"http://webdriveruniversity.com/Dropdown-Checkboxes-RadioButtons/index.html\");\ncy.get(\"#dropdowm-menu-1\").select('Python').should('have.value', 'python');",
              "err": {},
              "uuid": "a8f95657-95ef-4d13-942a-a45e0ac21b52",
              "parentUUID": "8a6f7a29-f038-4c49-96a0-45c8a0cab545",
              "isHook": false,
              "skipped": false
            },
            {
              "title": "Dropdown without select",
              "fullTitle": "handle dropdowns Dropdown without select",
              "timedOut": null,
              "duration": 0,
              "state": "pending",
              "speed": null,
              "pass": false,
              "fail": false,
              "pending": true,
              "context": null,
              "code": "cy.visit(\"https://www.dummyticket.com/dummy-ticket-for-visa-application/\");\ncy.get(\"#select2-billing_country-container\").click();\ncy.get(\".select2-search__field\").type('Italy').type('{enter}');\ncy.get(\"#select2-billing_country-container\").should('have.text', 'Italy');",
              "err": {},
              "uuid": "64131cdd-e66f-45dd-a7a9-593757e6a1da",
              "parentUUID": "8a6f7a29-f038-4c49-96a0-45c8a0cab545",
              "isHook": false,
              "skipped": false
            },
            {
              "title": "Auto Suggest dropdown",
              "fullTitle": "handle dropdowns Auto Suggest dropdown",
              "timedOut": null,
              "duration": 0,
              "state": "pending",
              "speed": null,
              "pass": false,
              "fail": false,
              "pending": true,
              "context": null,
              "code": "cy.visit(\"https://wikipedia.org\");\ncy.get(\"#searchInput\").type('izmir');\ncy.get('.suggestions-dropdown').contains('IZMIRAN').click();",
              "err": {},
              "uuid": "2f6f53dc-3af1-4381-97a2-ac26372de0ff",
              "parentUUID": "8a6f7a29-f038-4c49-96a0-45c8a0cab545",
              "isHook": false,
              "skipped": false
            },
            {
              "title": "Dynamic dropdown",
              "fullTitle": "handle dropdowns Dynamic dropdown",
              "timedOut": null,
              "duration": 34267,
              "state": "passed",
              "speed": "slow",
              "pass": true,
              "fail": false,
              "pending": false,
              "context": null,
              "code": "cy.visit(\"https://google.com\");\ncy.get(\"[name='q']\").type('cypress automation');\ncy.wait(3000);\ncy.get(\"div.wM6W7d>span\").should('have.length', 12);\ncy.get(\"div.wM6W7d>span\").each(($el, index, $list) => {\n  if ($el.text() == 'cypress automation tutorial') {\n    cy.wrap($el).click();\n  }\n});\ncy.get(\"[name='q']\").should('have.value', 'cypress automation tutorial');",
              "err": {},
              "uuid": "7769feb0-aae4-4e81-b136-2f2e8fdeb253",
              "parentUUID": "8a6f7a29-f038-4c49-96a0-45c8a0cab545",
              "isHook": false,
              "skipped": false
            }
          ],
          "suites": [],
          "passes": [
            "7769feb0-aae4-4e81-b136-2f2e8fdeb253"
          ],
          "failures": [],
          "pending": [
            "a8f95657-95ef-4d13-942a-a45e0ac21b52",
            "64131cdd-e66f-45dd-a7a9-593757e6a1da",
            "2f6f53dc-3af1-4381-97a2-ac26372de0ff"
          ],
          "skipped": [],
          "duration": 34267,
          "root": false,
          "rootEmpty": false,
          "_timeout": 2000
        }
      ],
      "passes": [],
      "failures": [],
      "pending": [],
      "skipped": [],
      "duration": 0,
      "root": true,
      "rootEmpty": true,
      "_timeout": 2000
    }
  ],
  "meta": {
    "mocha": {
      "version": "7.0.1"
    },
    "mochawesome": {
      "options": {
        "quiet": false,
        "reportFilename": "mochawesome",
        "saveHtml": true,
        "saveJson": true,
        "consoleReporter": "spec",
        "useInlineDiffs": false,
        "code": true
      },
      "version": "7.1.3"
    },
    "marge": {
      "options": {
        "reportDir": "cypress/results",
        "overwrite": false,
        "html": true,
        "json": true
      },
      "version": "6.2.0"
    }
  }
}